2013-03-17 15:33:51,280 [6] ?.lambda_method(:0) - NHibernate 3.3.1.4000 (3.3.1.4000)

2013-03-17 15:33:51,312 [6] ?.lambda_method(:0) - hibernate-configuration section not found in application configuration file

2013-03-17 15:33:51,313 [6] ?.lambda_method(:0) - Bytecode provider name : lcg

2013-03-17 15:33:51,314 [6] ?.lambda_method(:0) - Using reflection optimizer

2013-03-17 15:33:51,353 [6] ?.lambda_method(:0) - connection.connection_string=Data Source=MOOK-VAIO\SQLEXPRESS;Initial Catalog=SunCow;Integrated Security=False;User ID=SunCowUser;Password=pass;Application Name=SunCow;

2013-03-17 15:33:51,354 [6] ?.lambda_method(:0) - dialect=NHibernate.Dialect.MsSql2008Dialect

2013-03-17 15:33:51,354 [6] ?.lambda_method(:0) - connection.provider=NHibernate.Connection.DriverConnectionProvider

2013-03-17 15:33:51,354 [6] ?.lambda_method(:0) - connection.driver_class=NHibernate.Driver.SqlClientDriver

2013-03-17 15:33:51,355 [6] ?.lambda_method(:0) - show_sql=true

2013-03-17 15:33:51,355 [6] ?.lambda_method(:0) - connection.release_mode=auto

2013-03-17 15:33:51,355 [6] ?.lambda_method(:0) - adonet.batch_size=500

2013-03-17 15:33:51,356 [6] ?.lambda_method(:0) - properties: System.Collections.Generic.Dictionary`2[System.String,System.String]

2013-03-17 15:33:51,366 [6] ?.lambda_method(:0) - No mapped documents found in assembly: SunCow.Infrastructure, Version=1.0.0.0, Culture=neutral, PublicKeyToken=null

2013-03-17 15:33:51,670 [6] ?.lambda_method(:0) - Mapping XML:
<hibernate-mapping xmlns="urn:nhibernate-mapping-2.2"><class xmlns="urn:nhibernate-mapping-2.2" name="SunCow.Domain.Card, SunCow.Domain, Version=1.0.0.0, Culture=neutral, PublicKeyToken=null" table="Cards"><id name="Id" type="System.Int32, mscorlib, Version=4.0.0.0, Culture=neutral, PublicKeyToken=b77a5c561934e089"><column name="CardId" /><generator class="identity" /></id><property name="CardName" type="System.String, mscorlib, Version=4.0.0.0, Culture=neutral, PublicKeyToken=b77a5c561934e089"><column name="CardName" /></property><property name="Price" type="System.Decimal, mscorlib, Version=4.0.0.0, Culture=neutral, PublicKeyToken=b77a5c561934e089"><column name="Price" /></property><property name="Description" type="System.String, mscorlib, Version=4.0.0.0, Culture=neutral, PublicKeyToken=b77a5c561934e089"><column name="Description" /></property><property name="ThumbnailImageName" type="System.String, mscorlib, Version=4.0.0.0, Culture=neutral, PublicKeyToken=b77a5c561934e089"><column name="ThumbnailImageName" /></property><property name="OutsideImageName" type="System.String, mscorlib, Version=4.0.0.0, Culture=neutral, PublicKeyToken=b77a5c561934e089"><column name="OutsideImageName" /></property><property name="InsideImageName" type="System.String, mscorlib, Version=4.0.0.0, Culture=neutral, PublicKeyToken=b77a5c561934e089"><column name="InsideImageName" /></property><property name="BlankInsideImageName" type="System.String, mscorlib, Version=4.0.0.0, Culture=neutral, PublicKeyToken=b77a5c561934e089"><column name="BlankInsideImageName" /></property><property name="HasOutsideMessage" type="System.Boolean, mscorlib, Version=4.0.0.0, Culture=neutral, PublicKeyToken=b77a5c561934e089"><column name="HasOutsideMessage" /></property><property name="RouteName" type="System.String, mscorlib, Version=4.0.0.0, Culture=neutral, PublicKeyToken=b77a5c561934e089"><column name="RouteName" /></property><many-to-one class="SunCow.Domain.Category, SunCow.Domain, Version=1.0.0.0, Culture=neutral, PublicKeyToken=null" name="Category"><column name="CategoryId" /></many-to-one></class></hibernate-mapping>

2013-03-17 15:33:51,773 [6] ?.lambda_method(:0) - Using dialect: NHibernate.Dialect.MsSql2008Dialect

2013-03-17 15:33:51,838 [6] ?.lambda_method(:0) - Mapping class: SunCow.Domain.Card -> Cards

2013-03-17 15:33:51,868 [6] ?.lambda_method(:0) - Mapped property: Id -> CardId, type: Int32

2013-03-17 15:33:51,884 [6] ?.lambda_method(:0) - Mapped property: CardName -> CardName, type: String

2013-03-17 15:33:51,885 [6] ?.lambda_method(:0) - Mapped property: Price -> Price, type: Decimal

2013-03-17 15:33:51,885 [6] ?.lambda_method(:0) - Mapped property: Description -> Description, type: String

2013-03-17 15:33:51,885 [6] ?.lambda_method(:0) - Mapped property: ThumbnailImageName -> ThumbnailImageName, type: String

2013-03-17 15:33:51,886 [6] ?.lambda_method(:0) - Mapped property: OutsideImageName -> OutsideImageName, type: String

2013-03-17 15:33:51,886 [6] ?.lambda_method(:0) - Mapped property: InsideImageName -> InsideImageName, type: String

2013-03-17 15:33:51,886 [6] ?.lambda_method(:0) - Mapped property: BlankInsideImageName -> BlankInsideImageName, type: String

2013-03-17 15:33:51,886 [6] ?.lambda_method(:0) - Mapped property: HasOutsideMessage -> HasOutsideMessage, type: Boolean

2013-03-17 15:33:51,887 [6] ?.lambda_method(:0) - Mapped property: RouteName -> RouteName, type: String

2013-03-17 15:33:51,896 [6] ?.lambda_method(:0) - Mapped property: Category -> CategoryId, type: SunCow.Domain.Category

2013-03-17 15:33:51,911 [6] ?.lambda_method(:0) - Mapping XML:
<hibernate-mapping xmlns="urn:nhibernate-mapping-2.2"><class xmlns="urn:nhibernate-mapping-2.2" name="SunCow.Domain.Category, SunCow.Domain, Version=1.0.0.0, Culture=neutral, PublicKeyToken=null" table="Categories"><id name="Id" type="System.Int32, mscorlib, Version=4.0.0.0, Culture=neutral, PublicKeyToken=b77a5c561934e089"><column name="CategoryId" /><generator class="identity" /></id><bag cascade="all-delete-orphan" inverse="true" name="Cards"><key><column name="CategoryId" /><column name="CategoryId" /></key><one-to-many class="SunCow.Domain.Card, SunCow.Domain, Version=1.0.0.0, Culture=neutral, PublicKeyToken=null" /></bag><property name="Name" type="System.String, mscorlib, Version=4.0.0.0, Culture=neutral, PublicKeyToken=b77a5c561934e089"><column name="Name" /></property><property name="RouteName" type="System.String, mscorlib, Version=4.0.0.0, Culture=neutral, PublicKeyToken=b77a5c561934e089"><column name="RouteName" /></property><property name="ImageDirectory" type="System.String, mscorlib, Version=4.0.0.0, Culture=neutral, PublicKeyToken=b77a5c561934e089"><column name="ImageDirectory" /></property></class></hibernate-mapping>

2013-03-17 15:33:51,928 [6] ?.lambda_method(:0) - Using dialect: NHibernate.Dialect.MsSql2008Dialect

2013-03-17 15:33:51,929 [6] ?.lambda_method(:0) - Mapping class: SunCow.Domain.Category -> Categories

2013-03-17 15:33:51,929 [6] ?.lambda_method(:0) - Mapped property: Id -> CategoryId, type: Int32

2013-03-17 15:33:51,946 [6] ?.lambda_method(:0) - Mapped property: Cards, type: System.Collections.Generic.ICollection`1[[SunCow.Domain.Card, SunCow.Domain, Version=1.0.0.0, Culture=neutral, PublicKeyToken=null]](SunCow.Domain.Category.Cards)

2013-03-17 15:33:51,947 [6] ?.lambda_method(:0) - Mapped property: Name -> Name, type: String

2013-03-17 15:33:51,947 [6] ?.lambda_method(:0) - Mapped property: RouteName -> RouteName, type: String

2013-03-17 15:33:51,949 [6] ?.lambda_method(:0) - Mapped property: ImageDirectory -> ImageDirectory, type: String

2013-03-17 15:33:51,949 [6] ?.lambda_method(:0) - Mapping XML:
<hibernate-mapping xmlns="urn:nhibernate-mapping-2.2"><class xmlns="urn:nhibernate-mapping-2.2" name="SunCow.Domain.CustomCard, SunCow.Domain, Version=1.0.0.0, Culture=neutral, PublicKeyToken=null" table="CustomCards"><id name="Id" type="System.Int32, mscorlib, Version=4.0.0.0, Culture=neutral, PublicKeyToken=b77a5c561934e089"><column name="CustomCardId" /><generator class="identity" /></id><property name="OutsideMessage" type="System.String, mscorlib, Version=4.0.0.0, Culture=neutral, PublicKeyToken=b77a5c561934e089"><column name="OutsideMessage" /></property><property name="Salutation" type="System.String, mscorlib, Version=4.0.0.0, Culture=neutral, PublicKeyToken=b77a5c561934e089"><column name="Salutation" /></property><property name="InsideMessage" type="System.String, mscorlib, Version=4.0.0.0, Culture=neutral, PublicKeyToken=b77a5c561934e089"><column name="InsideMessage" /></property><property name="SignOff" type="System.String, mscorlib, Version=4.0.0.0, Culture=neutral, PublicKeyToken=b77a5c561934e089"><column name="SignOff" /></property><property name="RouteName" type="System.String, mscorlib, Version=4.0.0.0, Culture=neutral, PublicKeyToken=b77a5c561934e089"><column name="RouteName" /></property><many-to-one class="SunCow.Domain.Card, SunCow.Domain, Version=1.0.0.0, Culture=neutral, PublicKeyToken=null" name="Card"><column name="CardId" /></many-to-one><many-to-one class="SunCow.Domain.Customer, SunCow.Domain, Version=1.0.0.0, Culture=neutral, PublicKeyToken=null" name="Customer"><column name="CustomerId" /></many-to-one><many-to-one class="SunCow.Domain.Category, SunCow.Domain, Version=1.0.0.0, Culture=neutral, PublicKeyToken=null" name="Category"><column name="CategoryId" /></many-to-one></class></hibernate-mapping>

2013-03-17 15:33:51,950 [6] ?.lambda_method(:0) - Using dialect: NHibernate.Dialect.MsSql2008Dialect

2013-03-17 15:33:51,951 [6] ?.lambda_method(:0) - Mapping class: SunCow.Domain.CustomCard -> CustomCards

2013-03-17 15:33:51,951 [6] ?.lambda_method(:0) - Mapped property: Id -> CustomCardId, type: Int32

2013-03-17 15:33:51,951 [6] ?.lambda_method(:0) - Mapped property: OutsideMessage -> OutsideMessage, type: String

2013-03-17 15:33:51,952 [6] ?.lambda_method(:0) - Mapped property: Salutation -> Salutation, type: String

2013-03-17 15:33:51,952 [6] ?.lambda_method(:0) - Mapped property: InsideMessage -> InsideMessage, type: String

2013-03-17 15:33:51,952 [6] ?.lambda_method(:0) - Mapped property: SignOff -> SignOff, type: String

2013-03-17 15:33:51,952 [6] ?.lambda_method(:0) - Mapped property: RouteName -> RouteName, type: String

2013-03-17 15:33:51,953 [6] ?.lambda_method(:0) - Mapped property: Card -> CardId, type: SunCow.Domain.Card

2013-03-17 15:33:51,953 [6] ?.lambda_method(:0) - Mapped property: Customer -> CustomerId, type: SunCow.Domain.Customer

2013-03-17 15:33:51,953 [6] ?.lambda_method(:0) - Mapped property: Category -> CategoryId, type: SunCow.Domain.Category

2013-03-17 15:33:51,954 [6] ?.lambda_method(:0) - Mapping XML:
<hibernate-mapping xmlns="urn:nhibernate-mapping-2.2"><class xmlns="urn:nhibernate-mapping-2.2" name="SunCow.Domain.Customer, SunCow.Domain, Version=1.0.0.0, Culture=neutral, PublicKeyToken=null" table="Customers"><id name="Id" type="System.Int32, mscorlib, Version=4.0.0.0, Culture=neutral, PublicKeyToken=b77a5c561934e089"><column name="CustomerId" /><generator class="identity" /></id><bag cascade="all-delete-orphan" inverse="true" name="Cards"><key><column name="CustomerId" /><column name="CustomerId" /></key><one-to-many class="SunCow.Domain.Card, SunCow.Domain, Version=1.0.0.0, Culture=neutral, PublicKeyToken=null" /></bag><property name="FirstName" type="System.String, mscorlib, Version=4.0.0.0, Culture=neutral, PublicKeyToken=b77a5c561934e089"><column name="FirstName" /></property><property name="LastName" type="System.String, mscorlib, Version=4.0.0.0, Culture=neutral, PublicKeyToken=b77a5c561934e089"><column name="LastName" /></property><property name="ImageDirectory" type="System.String, mscorlib, Version=4.0.0.0, Culture=neutral, PublicKeyToken=b77a5c561934e089"><column name="ImageDirectory" /></property></class></hibernate-mapping>

2013-03-17 15:33:51,955 [6] ?.lambda_method(:0) - Using dialect: NHibernate.Dialect.MsSql2008Dialect

2013-03-17 15:33:51,955 [6] ?.lambda_method(:0) - Mapping class: SunCow.Domain.Customer -> Customers

2013-03-17 15:33:51,955 [6] ?.lambda_method(:0) - Mapped property: Id -> CustomerId, type: Int32

2013-03-17 15:33:51,956 [6] ?.lambda_method(:0) - Mapped property: Cards, type: System.Collections.Generic.ICollection`1[[SunCow.Domain.Card, SunCow.Domain, Version=1.0.0.0, Culture=neutral, PublicKeyToken=null]](SunCow.Domain.Customer.Cards)

2013-03-17 15:33:51,956 [6] ?.lambda_method(:0) - Mapped property: FirstName -> FirstName, type: String

2013-03-17 15:33:51,956 [6] ?.lambda_method(:0) - Mapped property: LastName -> LastName, type: String

2013-03-17 15:33:51,957 [6] ?.lambda_method(:0) - Mapped property: ImageDirectory -> ImageDirectory, type: String

2013-03-17 15:33:51,961 [6] ?.lambda_method(:0) - checking mappings queue

2013-03-17 15:33:51,961 [6] ?.lambda_method(:0) - processing one-to-many association mappings

2013-03-17 15:33:51,962 [6] ?.lambda_method(:0) - Second pass for collection: SunCow.Domain.Category.Cards

2013-03-17 15:33:51,965 [6] ?.lambda_method(:0) - mapping collection: SunCow.Domain.Category.Cards -> Cards

2013-03-17 15:33:51,971 [6] ?.lambda_method(:0) - Mapped collection key: CategoryId, one-to-many: SunCow.Domain.Card

2013-03-17 15:33:51,971 [6] ?.lambda_method(:0) - Second pass for collection: SunCow.Domain.Customer.Cards

2013-03-17 15:33:51,971 [6] ?.lambda_method(:0) - mapping collection: SunCow.Domain.Customer.Cards -> Cards

2013-03-17 15:33:51,971 [6] ?.lambda_method(:0) - Mapped collection key: CustomerId, one-to-many: SunCow.Domain.Card

2013-03-17 15:33:51,972 [6] ?.lambda_method(:0) - processing one-to-one association property references

2013-03-17 15:33:51,972 [6] ?.lambda_method(:0) - processing foreign key constraints

2013-03-17 15:33:51,974 [6] ?.lambda_method(:0) - resolving reference to class: SunCow.Domain.Category

2013-03-17 15:33:51,976 [6] ?.lambda_method(:0) - resolving reference to class: SunCow.Domain.Customer

2013-03-17 15:33:51,976 [6] ?.lambda_method(:0) - resolving reference to class: SunCow.Domain.Card

2013-03-17 15:33:51,976 [6] ?.lambda_method(:0) - resolving reference to class: SunCow.Domain.Customer

2013-03-17 15:33:51,976 [6] ?.lambda_method(:0) - resolving reference to class: SunCow.Domain.Category

2013-03-17 15:33:51,977 [6] ?.lambda_method(:0) - processing filters (second pass)

2013-03-17 15:33:51,999 [6] ?.lambda_method(:0) - Using dialect: NHibernate.Dialect.MsSql2008Dialect

2013-03-17 15:33:52,005 [6] ?.lambda_method(:0) - Using dialect: NHibernate.Dialect.MsSql2008Dialect

2013-03-17 15:33:52,043 [6] ?.lambda_method(:0) - Using dialect defined converter

2013-03-17 15:33:52,044 [6] ?.lambda_method(:0) - Generate SQL with comments: disabled

2013-03-17 15:33:52,045 [6] ?.lambda_method(:0) - Initializing connection provider: NHibernate.Connection.DriverConnectionProvider

2013-03-17 15:33:52,046 [6] ?.lambda_method(:0) - Configuring ConnectionProvider

2013-03-17 15:33:52,047 [6] ?.lambda_method(:0) - Transaction factory: NHibernate.Transaction.AdoNetWithDistributedTransactionFactory

2013-03-17 15:33:52,048 [6] ?.lambda_method(:0) - Optimize cache for minimal puts: False

2013-03-17 15:33:52,048 [6] ?.lambda_method(:0) - Connection release mode: auto

2013-03-17 15:33:52,049 [6] ?.lambda_method(:0) - Default batch fetch size: 1

2013-03-17 15:33:52,049 [6] ?.lambda_method(:0) - echoing all SQL to stdout

2013-03-17 15:33:52,049 [6] ?.lambda_method(:0) - Statistics: disabled

2013-03-17 15:33:52,049 [6] ?.lambda_method(:0) - Deleted entity synthetic identifier rollback: disabled

2013-03-17 15:33:52,050 [6] ?.lambda_method(:0) - Query translator: NHibernate.Hql.Ast.ANTLR.ASTQueryTranslatorFactory

2013-03-17 15:33:52,052 [6] ?.lambda_method(:0) - Query language substitutions: {'true'='1', 'false'='0', 'yes'=''Y'', 'no'=''N''}

2013-03-17 15:33:52,053 [6] ?.lambda_method(:0) - cache provider: NHibernate.Cache.NoCacheProvider, NHibernate, Version=3.3.1.4000, Culture=neutral, PublicKeyToken=aa95f207798dfdb4

2013-03-17 15:33:52,054 [6] ?.lambda_method(:0) - Order SQL inserts for batching: enabled

2013-03-17 15:33:52,054 [6] ?.lambda_method(:0) - Wrap result sets: disabled

2013-03-17 15:33:52,055 [6] ?.lambda_method(:0) - Batcher factory: NHibernate.AdoNet.SqlClientBatchingBatcherFactory, NHibernate, Version=3.3.1.4000, Culture=neutral, PublicKeyToken=aa95f207798dfdb4

2013-03-17 15:33:52,056 [6] ?.lambda_method(:0) - Default entity-mode: Poco

2013-03-17 15:33:52,056 [6] ?.lambda_method(:0) - Named query checking : enabled

2013-03-17 15:33:52,073 [6] ?.lambda_method(:0) - building session factory

2013-03-17 15:33:52,074 [6] ?.lambda_method(:0) - Session factory constructed with filter configurations : {}

2013-03-17 15:33:52,075 [6] ?.lambda_method(:0) - instantiating session factory with properties: {'use_reflection_optimizer'='True', 'connection.connection_string'='Data Source=MOOK-VAIO\SQLEXPRESS;Initial Catalog=SunCow;Integrated Security=False;User ID=SunCowUser;Password=pass;Application Name=SunCow;', 'dialect'='NHibernate.Dialect.MsSql2008Dialect', 'connection.provider'='NHibernate.Connection.DriverConnectionProvider', 'connection.driver_class'='NHibernate.Driver.SqlClientDriver', 'show_sql'='true', 'connection.release_mode'='auto', 'adonet.batch_size'='500'}

2013-03-17 15:33:52,076 [6] ?.lambda_method(:0) - Obtaining IDbConnection from Driver

2013-03-17 15:33:52,170 [6] ?.lambda_method(:0) - Closing connection

2013-03-17 15:33:52,250 [6] ?.lambda_method(:0) - No custom accessors found for entity: SunCow.Domain.Card

2013-03-17 15:33:52,255 [6] ?.lambda_method(:0) - No custom accessors found for entity: SunCow.Domain.Card

2013-03-17 15:33:52,275 [6] ?.lambda_method(:0) - Create Instantiator using optimizer for:SunCow.Domain.Card

2013-03-17 15:33:52,308 [6] ?.lambda_method(:0) - No custom accessors found for entity: SunCow.Domain.Category

2013-03-17 15:33:52,308 [6] ?.lambda_method(:0) - No custom accessors found for entity: SunCow.Domain.Category

2013-03-17 15:33:52,309 [6] ?.lambda_method(:0) - Create Instantiator using optimizer for:SunCow.Domain.Category

2013-03-17 15:33:52,310 [6] ?.lambda_method(:0) - No custom accessors found for entity: SunCow.Domain.CustomCard

2013-03-17 15:33:52,310 [6] ?.lambda_method(:0) - No custom accessors found for entity: SunCow.Domain.CustomCard

2013-03-17 15:33:52,311 [6] ?.lambda_method(:0) - Create Instantiator using optimizer for:SunCow.Domain.CustomCard

2013-03-17 15:33:52,311 [6] ?.lambda_method(:0) - No custom accessors found for entity: SunCow.Domain.Customer

2013-03-17 15:33:52,312 [6] ?.lambda_method(:0) - No custom accessors found for entity: SunCow.Domain.Customer

2013-03-17 15:33:52,312 [6] ?.lambda_method(:0) - Create Instantiator using optimizer for:SunCow.Domain.Customer

2013-03-17 15:33:52,338 [6] ?.lambda_method(:0) - Static SQL for collection: SunCow.Domain.Category.Cards

2013-03-17 15:33:52,341 [6] ?.lambda_method(:0) -  Row insert: UPDATE Cards SET CategoryId = ? WHERE CardId = ?

2013-03-17 15:33:52,341 [6] ?.lambda_method(:0) -  Row delete: UPDATE Cards SET CategoryId = null WHERE CategoryId = ? AND CardId = ?

2013-03-17 15:33:52,341 [6] ?.lambda_method(:0) -  One-shot delete: UPDATE Cards SET CategoryId = null WHERE CategoryId = ?

2013-03-17 15:33:52,343 [6] ?.lambda_method(:0) - Static SQL for collection: SunCow.Domain.Customer.Cards

2013-03-17 15:33:52,343 [6] ?.lambda_method(:0) -  Row insert: UPDATE Cards SET CustomerId = ? WHERE CardId = ?

2013-03-17 15:33:52,343 [6] ?.lambda_method(:0) -  Row delete: UPDATE Cards SET CustomerId = null WHERE CustomerId = ? AND CardId = ?

2013-03-17 15:33:52,343 [6] ?.lambda_method(:0) -  One-shot delete: UPDATE Cards SET CustomerId = null WHERE CustomerId = ?

2013-03-17 15:33:52,381 [6] ?.lambda_method(:0) - Static SQL for entity: SunCow.Domain.Card

2013-03-17 15:33:52,381 [6] ?.lambda_method(:0) -  Version select: SELECT CardId FROM Cards WHERE CardId = ?

2013-03-17 15:33:52,382 [6] ?.lambda_method(:0) -  Snapshot select: SELECT card_.CardId, card_.CardName as CardName0_, card_.Price as Price0_, card_.Description as Descript4_0_, card_.ThumbnailImageName as Thumbnai5_0_, card_.OutsideImageName as OutsideI6_0_, card_.InsideImageName as InsideIm7_0_, card_.BlankInsideImageName as BlankIns8_0_, card_.HasOutsideMessage as HasOutsi9_0_, card_.RouteName as RouteName0_, card_.CategoryId as CategoryId0_ FROM Cards card_ WHERE card_.CardId=?

2013-03-17 15:33:52,382 [6] ?.lambda_method(:0) -  Insert 0: INSERT INTO Cards (CardName, Price, Description, ThumbnailImageName, OutsideImageName, InsideImageName, BlankInsideImageName, HasOutsideMessage, RouteName, CategoryId, CardId) VALUES (?, ?, ?, ?, ?, ?, ?, ?, ?, ?, ?)

2013-03-17 15:33:52,382 [6] ?.lambda_method(:0) -  Update 0: UPDATE Cards SET CardName = ?, Price = ?, Description = ?, ThumbnailImageName = ?, OutsideImageName = ?, InsideImageName = ?, BlankInsideImageName = ?, HasOutsideMessage = ?, RouteName = ?, CategoryId = ? WHERE CardId = ?

2013-03-17 15:33:52,383 [6] ?.lambda_method(:0) -  Delete 0: DELETE FROM Cards WHERE CardId = ?

2013-03-17 15:33:52,383 [6] ?.lambda_method(:0) -  Identity insert: INSERT INTO Cards (CardName, Price, Description, ThumbnailImageName, OutsideImageName, InsideImageName, BlankInsideImageName, HasOutsideMessage, RouteName, CategoryId) VALUES (?, ?, ?, ?, ?, ?, ?, ?, ?, ?); select SCOPE_IDENTITY()

2013-03-17 15:33:52,418 [6] ?.lambda_method(:0) - Static select for entity SunCow.Domain.Card: SELECT card0_.CardId as CardId0_0_, card0_.CardName as CardName0_0_, card0_.Price as Price0_0_, card0_.Description as Descript4_0_0_, card0_.ThumbnailImageName as Thumbnai5_0_0_, card0_.OutsideImageName as OutsideI6_0_0_, card0_.InsideImageName as InsideIm7_0_0_, card0_.BlankInsideImageName as BlankIns8_0_0_, card0_.HasOutsideMessage as HasOutsi9_0_0_, card0_.RouteName as RouteName0_0_, card0_.CategoryId as CategoryId0_0_ FROM Cards card0_ WHERE card0_.CardId=?

2013-03-17 15:33:52,419 [6] ?.lambda_method(:0) - Static select for entity SunCow.Domain.Card: SELECT card0_.CardId as CardId0_0_, card0_.CardName as CardName0_0_, card0_.Price as Price0_0_, card0_.Description as Descript4_0_0_, card0_.ThumbnailImageName as Thumbnai5_0_0_, card0_.OutsideImageName as OutsideI6_0_0_, card0_.InsideImageName as InsideIm7_0_0_, card0_.BlankInsideImageName as BlankIns8_0_0_, card0_.HasOutsideMessage as HasOutsi9_0_0_, card0_.RouteName as RouteName0_0_, card0_.CategoryId as CategoryId0_0_ FROM Cards card0_ WHERE card0_.CardId=?

2013-03-17 15:33:52,419 [6] ?.lambda_method(:0) - Static select for entity SunCow.Domain.Card: SELECT card0_.CardId as CardId0_0_, card0_.CardName as CardName0_0_, card0_.Price as Price0_0_, card0_.Description as Descript4_0_0_, card0_.ThumbnailImageName as Thumbnai5_0_0_, card0_.OutsideImageName as OutsideI6_0_0_, card0_.InsideImageName as InsideIm7_0_0_, card0_.BlankInsideImageName as BlankIns8_0_0_, card0_.HasOutsideMessage as HasOutsi9_0_0_, card0_.RouteName as RouteName0_0_, card0_.CategoryId as CategoryId0_0_ FROM Cards card0_ with (updlock, rowlock) WHERE card0_.CardId=?

2013-03-17 15:33:52,420 [6] ?.lambda_method(:0) - Static select for entity SunCow.Domain.Card: SELECT card0_.CardId as CardId0_0_, card0_.CardName as CardName0_0_, card0_.Price as Price0_0_, card0_.Description as Descript4_0_0_, card0_.ThumbnailImageName as Thumbnai5_0_0_, card0_.OutsideImageName as OutsideI6_0_0_, card0_.InsideImageName as InsideIm7_0_0_, card0_.BlankInsideImageName as BlankIns8_0_0_, card0_.HasOutsideMessage as HasOutsi9_0_0_, card0_.RouteName as RouteName0_0_, card0_.CategoryId as CategoryId0_0_ FROM Cards card0_ with (updlock, rowlock, nowait) WHERE card0_.CardId=?

2013-03-17 15:33:52,420 [6] ?.lambda_method(:0) - Static select for entity SunCow.Domain.Card: SELECT card0_.CardId as CardId0_0_, card0_.CardName as CardName0_0_, card0_.Price as Price0_0_, card0_.Description as Descript4_0_0_, card0_.ThumbnailImageName as Thumbnai5_0_0_, card0_.OutsideImageName as OutsideI6_0_0_, card0_.InsideImageName as InsideIm7_0_0_, card0_.BlankInsideImageName as BlankIns8_0_0_, card0_.HasOutsideMessage as HasOutsi9_0_0_, card0_.RouteName as RouteName0_0_, card0_.CategoryId as CategoryId0_0_ FROM Cards card0_ with (updlock, rowlock) WHERE card0_.CardId=?

2013-03-17 15:33:52,422 [6] ?.lambda_method(:0) - Static select for action NHibernate.Engine.CascadingAction+MergeCascadingAction on entity SunCow.Domain.Card: SELECT card0_.CardId as CardId0_0_, card0_.CardName as CardName0_0_, card0_.Price as Price0_0_, card0_.Description as Descript4_0_0_, card0_.ThumbnailImageName as Thumbnai5_0_0_, card0_.OutsideImageName as OutsideI6_0_0_, card0_.InsideImageName as InsideIm7_0_0_, card0_.BlankInsideImageName as BlankIns8_0_0_, card0_.HasOutsideMessage as HasOutsi9_0_0_, card0_.RouteName as RouteName0_0_, card0_.CategoryId as CategoryId0_0_ FROM Cards card0_ WHERE card0_.CardId=?

2013-03-17 15:33:52,422 [6] ?.lambda_method(:0) - Static select for action NHibernate.Engine.CascadingAction+RefreshCascadingAction on entity SunCow.Domain.Card: SELECT card0_.CardId as CardId0_0_, card0_.CardName as CardName0_0_, card0_.Price as Price0_0_, card0_.Description as Descript4_0_0_, card0_.ThumbnailImageName as Thumbnai5_0_0_, card0_.OutsideImageName as OutsideI6_0_0_, card0_.InsideImageName as InsideIm7_0_0_, card0_.BlankInsideImageName as BlankIns8_0_0_, card0_.HasOutsideMessage as HasOutsi9_0_0_, card0_.RouteName as RouteName0_0_, card0_.CategoryId as CategoryId0_0_ FROM Cards card0_ WHERE card0_.CardId=?

2013-03-17 15:33:52,423 [6] ?.lambda_method(:0) - Static SQL for entity: SunCow.Domain.Category

2013-03-17 15:33:52,424 [6] ?.lambda_method(:0) -  Version select: SELECT CategoryId FROM Categories WHERE CategoryId = ?

2013-03-17 15:33:52,424 [6] ?.lambda_method(:0) -  Snapshot select: SELECT category_.CategoryId, category_.Name as Name1_, category_.RouteName as RouteName1_, category_.ImageDirectory as ImageDir4_1_ FROM Categories category_ WHERE category_.CategoryId=?

2013-03-17 15:33:52,424 [6] ?.lambda_method(:0) -  Insert 0: INSERT INTO Categories (Name, RouteName, ImageDirectory, CategoryId) VALUES (?, ?, ?, ?)

2013-03-17 15:33:52,424 [6] ?.lambda_method(:0) -  Update 0: UPDATE Categories SET Name = ?, RouteName = ?, ImageDirectory = ? WHERE CategoryId = ?

2013-03-17 15:33:52,424 [6] ?.lambda_method(:0) -  Delete 0: DELETE FROM Categories WHERE CategoryId = ?

2013-03-17 15:33:52,425 [6] ?.lambda_method(:0) -  Identity insert: INSERT INTO Categories (Name, RouteName, ImageDirectory) VALUES (?, ?, ?); select SCOPE_IDENTITY()

2013-03-17 15:33:52,425 [6] ?.lambda_method(:0) - Static select for entity SunCow.Domain.Category: SELECT category0_.CategoryId as CategoryId1_0_, category0_.Name as Name1_0_, category0_.RouteName as RouteName1_0_, category0_.ImageDirectory as ImageDir4_1_0_ FROM Categories category0_ WHERE category0_.CategoryId=?

2013-03-17 15:33:52,425 [6] ?.lambda_method(:0) - Static select for entity SunCow.Domain.Category: SELECT category0_.CategoryId as CategoryId1_0_, category0_.Name as Name1_0_, category0_.RouteName as RouteName1_0_, category0_.ImageDirectory as ImageDir4_1_0_ FROM Categories category0_ WHERE category0_.CategoryId=?

2013-03-17 15:33:52,425 [6] ?.lambda_method(:0) - Static select for entity SunCow.Domain.Category: SELECT category0_.CategoryId as CategoryId1_0_, category0_.Name as Name1_0_, category0_.RouteName as RouteName1_0_, category0_.ImageDirectory as ImageDir4_1_0_ FROM Categories category0_ with (updlock, rowlock) WHERE category0_.CategoryId=?

2013-03-17 15:33:52,426 [6] ?.lambda_method(:0) - Static select for entity SunCow.Domain.Category: SELECT category0_.CategoryId as CategoryId1_0_, category0_.Name as Name1_0_, category0_.RouteName as RouteName1_0_, category0_.ImageDirectory as ImageDir4_1_0_ FROM Categories category0_ with (updlock, rowlock, nowait) WHERE category0_.CategoryId=?

2013-03-17 15:33:52,426 [6] ?.lambda_method(:0) - Static select for entity SunCow.Domain.Category: SELECT category0_.CategoryId as CategoryId1_0_, category0_.Name as Name1_0_, category0_.RouteName as RouteName1_0_, category0_.ImageDirectory as ImageDir4_1_0_ FROM Categories category0_ with (updlock, rowlock) WHERE category0_.CategoryId=?

2013-03-17 15:33:52,437 [6] ?.lambda_method(:0) - Static select for action NHibernate.Engine.CascadingAction+MergeCascadingAction on entity SunCow.Domain.Category: SELECT category0_.CategoryId as CategoryId1_1_, category0_.Name as Name1_1_, category0_.RouteName as RouteName1_1_, category0_.ImageDirectory as ImageDir4_1_1_, cards1_.CategoryId as CategoryId3_, cards1_.CardId as CardId3_, cards1_.CardId as CardId0_0_, cards1_.CardName as CardName0_0_, cards1_.Price as Price0_0_, cards1_.Description as Descript4_0_0_, cards1_.ThumbnailImageName as Thumbnai5_0_0_, cards1_.OutsideImageName as OutsideI6_0_0_, cards1_.InsideImageName as InsideIm7_0_0_, cards1_.BlankInsideImageName as BlankIns8_0_0_, cards1_.HasOutsideMessage as HasOutsi9_0_0_, cards1_.RouteName as RouteName0_0_, cards1_.CategoryId as CategoryId0_0_ FROM Categories category0_ left outer join Cards cards1_ on category0_.CategoryId=cards1_.CategoryId WHERE category0_.CategoryId=?

2013-03-17 15:33:52,438 [6] ?.lambda_method(:0) - Static select for action NHibernate.Engine.CascadingAction+RefreshCascadingAction on entity SunCow.Domain.Category: SELECT category0_.CategoryId as CategoryId1_1_, category0_.Name as Name1_1_, category0_.RouteName as RouteName1_1_, category0_.ImageDirectory as ImageDir4_1_1_, cards1_.CategoryId as CategoryId3_, cards1_.CardId as CardId3_, cards1_.CardId as CardId0_0_, cards1_.CardName as CardName0_0_, cards1_.Price as Price0_0_, cards1_.Description as Descript4_0_0_, cards1_.ThumbnailImageName as Thumbnai5_0_0_, cards1_.OutsideImageName as OutsideI6_0_0_, cards1_.InsideImageName as InsideIm7_0_0_, cards1_.BlankInsideImageName as BlankIns8_0_0_, cards1_.HasOutsideMessage as HasOutsi9_0_0_, cards1_.RouteName as RouteName0_0_, cards1_.CategoryId as CategoryId0_0_ FROM Categories category0_ left outer join Cards cards1_ on category0_.CategoryId=cards1_.CategoryId WHERE category0_.CategoryId=?

2013-03-17 15:33:52,438 [6] ?.lambda_method(:0) - Static SQL for entity: SunCow.Domain.CustomCard

2013-03-17 15:33:52,438 [6] ?.lambda_method(:0) -  Version select: SELECT CustomCardId FROM CustomCards WHERE CustomCardId = ?

2013-03-17 15:33:52,438 [6] ?.lambda_method(:0) -  Snapshot select: SELECT customcard_.CustomCardId, customcard_.OutsideMessage as OutsideM2_2_, customcard_.Salutation as Salutation2_, customcard_.InsideMessage as InsideMe4_2_, customcard_.SignOff as SignOff2_, customcard_.RouteName as RouteName2_, customcard_.CardId as CardId2_, customcard_.CustomerId as CustomerId2_, customcard_.CategoryId as CategoryId2_ FROM CustomCards customcard_ WHERE customcard_.CustomCardId=?

2013-03-17 15:33:52,439 [6] ?.lambda_method(:0) -  Insert 0: INSERT INTO CustomCards (OutsideMessage, Salutation, InsideMessage, SignOff, RouteName, CardId, CustomerId, CategoryId, CustomCardId) VALUES (?, ?, ?, ?, ?, ?, ?, ?, ?)

2013-03-17 15:33:52,439 [6] ?.lambda_method(:0) -  Update 0: UPDATE CustomCards SET OutsideMessage = ?, Salutation = ?, InsideMessage = ?, SignOff = ?, RouteName = ?, CardId = ?, CustomerId = ?, CategoryId = ? WHERE CustomCardId = ?

2013-03-17 15:33:52,439 [6] ?.lambda_method(:0) -  Delete 0: DELETE FROM CustomCards WHERE CustomCardId = ?

2013-03-17 15:33:52,439 [6] ?.lambda_method(:0) -  Identity insert: INSERT INTO CustomCards (OutsideMessage, Salutation, InsideMessage, SignOff, RouteName, CardId, CustomerId, CategoryId) VALUES (?, ?, ?, ?, ?, ?, ?, ?); select SCOPE_IDENTITY()

2013-03-17 15:33:52,439 [6] ?.lambda_method(:0) - Static select for entity SunCow.Domain.CustomCard: SELECT customcard0_.CustomCardId as CustomCa1_2_0_, customcard0_.OutsideMessage as OutsideM2_2_0_, customcard0_.Salutation as Salutation2_0_, customcard0_.InsideMessage as InsideMe4_2_0_, customcard0_.SignOff as SignOff2_0_, customcard0_.RouteName as RouteName2_0_, customcard0_.CardId as CardId2_0_, customcard0_.CustomerId as CustomerId2_0_, customcard0_.CategoryId as CategoryId2_0_ FROM CustomCards customcard0_ WHERE customcard0_.CustomCardId=?

2013-03-17 15:33:52,440 [6] ?.lambda_method(:0) - Static select for entity SunCow.Domain.CustomCard: SELECT customcard0_.CustomCardId as CustomCa1_2_0_, customcard0_.OutsideMessage as OutsideM2_2_0_, customcard0_.Salutation as Salutation2_0_, customcard0_.InsideMessage as InsideMe4_2_0_, customcard0_.SignOff as SignOff2_0_, customcard0_.RouteName as RouteName2_0_, customcard0_.CardId as CardId2_0_, customcard0_.CustomerId as CustomerId2_0_, customcard0_.CategoryId as CategoryId2_0_ FROM CustomCards customcard0_ WHERE customcard0_.CustomCardId=?

2013-03-17 15:33:52,440 [6] ?.lambda_method(:0) - Static select for entity SunCow.Domain.CustomCard: SELECT customcard0_.CustomCardId as CustomCa1_2_0_, customcard0_.OutsideMessage as OutsideM2_2_0_, customcard0_.Salutation as Salutation2_0_, customcard0_.InsideMessage as InsideMe4_2_0_, customcard0_.SignOff as SignOff2_0_, customcard0_.RouteName as RouteName2_0_, customcard0_.CardId as CardId2_0_, customcard0_.CustomerId as CustomerId2_0_, customcard0_.CategoryId as CategoryId2_0_ FROM CustomCards customcard0_ with (updlock, rowlock) WHERE customcard0_.CustomCardId=?

2013-03-17 15:33:52,440 [6] ?.lambda_method(:0) - Static select for entity SunCow.Domain.CustomCard: SELECT customcard0_.CustomCardId as CustomCa1_2_0_, customcard0_.OutsideMessage as OutsideM2_2_0_, customcard0_.Salutation as Salutation2_0_, customcard0_.InsideMessage as InsideMe4_2_0_, customcard0_.SignOff as SignOff2_0_, customcard0_.RouteName as RouteName2_0_, customcard0_.CardId as CardId2_0_, customcard0_.CustomerId as CustomerId2_0_, customcard0_.CategoryId as CategoryId2_0_ FROM CustomCards customcard0_ with (updlock, rowlock, nowait) WHERE customcard0_.CustomCardId=?

2013-03-17 15:33:52,441 [6] ?.lambda_method(:0) - Static select for entity SunCow.Domain.CustomCard: SELECT customcard0_.CustomCardId as CustomCa1_2_0_, customcard0_.OutsideMessage as OutsideM2_2_0_, customcard0_.Salutation as Salutation2_0_, customcard0_.InsideMessage as InsideMe4_2_0_, customcard0_.SignOff as SignOff2_0_, customcard0_.RouteName as RouteName2_0_, customcard0_.CardId as CardId2_0_, customcard0_.CustomerId as CustomerId2_0_, customcard0_.CategoryId as CategoryId2_0_ FROM CustomCards customcard0_ with (updlock, rowlock) WHERE customcard0_.CustomCardId=?

2013-03-17 15:33:52,441 [6] ?.lambda_method(:0) - Static select for action NHibernate.Engine.CascadingAction+MergeCascadingAction on entity SunCow.Domain.CustomCard: SELECT customcard0_.CustomCardId as CustomCa1_2_0_, customcard0_.OutsideMessage as OutsideM2_2_0_, customcard0_.Salutation as Salutation2_0_, customcard0_.InsideMessage as InsideMe4_2_0_, customcard0_.SignOff as SignOff2_0_, customcard0_.RouteName as RouteName2_0_, customcard0_.CardId as CardId2_0_, customcard0_.CustomerId as CustomerId2_0_, customcard0_.CategoryId as CategoryId2_0_ FROM CustomCards customcard0_ WHERE customcard0_.CustomCardId=?

2013-03-17 15:33:52,441 [6] ?.lambda_method(:0) - Static select for action NHibernate.Engine.CascadingAction+RefreshCascadingAction on entity SunCow.Domain.CustomCard: SELECT customcard0_.CustomCardId as CustomCa1_2_0_, customcard0_.OutsideMessage as OutsideM2_2_0_, customcard0_.Salutation as Salutation2_0_, customcard0_.InsideMessage as InsideMe4_2_0_, customcard0_.SignOff as SignOff2_0_, customcard0_.RouteName as RouteName2_0_, customcard0_.CardId as CardId2_0_, customcard0_.CustomerId as CustomerId2_0_, customcard0_.CategoryId as CategoryId2_0_ FROM CustomCards customcard0_ WHERE customcard0_.CustomCardId=?

2013-03-17 15:33:52,441 [6] ?.lambda_method(:0) - Static SQL for entity: SunCow.Domain.Customer

2013-03-17 15:33:52,442 [6] ?.lambda_method(:0) -  Version select: SELECT CustomerId FROM Customers WHERE CustomerId = ?

2013-03-17 15:33:52,442 [6] ?.lambda_method(:0) -  Snapshot select: SELECT customer_.CustomerId, customer_.FirstName as FirstName3_, customer_.LastName as LastName3_, customer_.ImageDirectory as ImageDir4_3_ FROM Customers customer_ WHERE customer_.CustomerId=?

2013-03-17 15:33:52,442 [6] ?.lambda_method(:0) -  Insert 0: INSERT INTO Customers (FirstName, LastName, ImageDirectory, CustomerId) VALUES (?, ?, ?, ?)

2013-03-17 15:33:52,442 [6] ?.lambda_method(:0) -  Update 0: UPDATE Customers SET FirstName = ?, LastName = ?, ImageDirectory = ? WHERE CustomerId = ?

2013-03-17 15:33:52,442 [6] ?.lambda_method(:0) -  Delete 0: DELETE FROM Customers WHERE CustomerId = ?

2013-03-17 15:33:52,443 [6] ?.lambda_method(:0) -  Identity insert: INSERT INTO Customers (FirstName, LastName, ImageDirectory) VALUES (?, ?, ?); select SCOPE_IDENTITY()

2013-03-17 15:33:52,443 [6] ?.lambda_method(:0) - Static select for entity SunCow.Domain.Customer: SELECT customer0_.CustomerId as CustomerId3_0_, customer0_.FirstName as FirstName3_0_, customer0_.LastName as LastName3_0_, customer0_.ImageDirectory as ImageDir4_3_0_ FROM Customers customer0_ WHERE customer0_.CustomerId=?

2013-03-17 15:33:52,443 [6] ?.lambda_method(:0) - Static select for entity SunCow.Domain.Customer: SELECT customer0_.CustomerId as CustomerId3_0_, customer0_.FirstName as FirstName3_0_, customer0_.LastName as LastName3_0_, customer0_.ImageDirectory as ImageDir4_3_0_ FROM Customers customer0_ WHERE customer0_.CustomerId=?

2013-03-17 15:33:52,443 [6] ?.lambda_method(:0) - Static select for entity SunCow.Domain.Customer: SELECT customer0_.CustomerId as CustomerId3_0_, customer0_.FirstName as FirstName3_0_, customer0_.LastName as LastName3_0_, customer0_.ImageDirectory as ImageDir4_3_0_ FROM Customers customer0_ with (updlock, rowlock) WHERE customer0_.CustomerId=?

2013-03-17 15:33:52,444 [6] ?.lambda_method(:0) - Static select for entity SunCow.Domain.Customer: SELECT customer0_.CustomerId as CustomerId3_0_, customer0_.FirstName as FirstName3_0_, customer0_.LastName as LastName3_0_, customer0_.ImageDirectory as ImageDir4_3_0_ FROM Customers customer0_ with (updlock, rowlock, nowait) WHERE customer0_.CustomerId=?

2013-03-17 15:33:52,444 [6] ?.lambda_method(:0) - Static select for entity SunCow.Domain.Customer: SELECT customer0_.CustomerId as CustomerId3_0_, customer0_.FirstName as FirstName3_0_, customer0_.LastName as LastName3_0_, customer0_.ImageDirectory as ImageDir4_3_0_ FROM Customers customer0_ with (updlock, rowlock) WHERE customer0_.CustomerId=?

2013-03-17 15:33:52,444 [6] ?.lambda_method(:0) - Static select for action NHibernate.Engine.CascadingAction+MergeCascadingAction on entity SunCow.Domain.Customer: SELECT customer0_.CustomerId as CustomerId3_1_, customer0_.FirstName as FirstName3_1_, customer0_.LastName as LastName3_1_, customer0_.ImageDirectory as ImageDir4_3_1_, cards1_.CustomerId as CustomerId3_, cards1_.CardId as CardId3_, cards1_.CardId as CardId0_0_, cards1_.CardName as CardName0_0_, cards1_.Price as Price0_0_, cards1_.Description as Descript4_0_0_, cards1_.ThumbnailImageName as Thumbnai5_0_0_, cards1_.OutsideImageName as OutsideI6_0_0_, cards1_.InsideImageName as InsideIm7_0_0_, cards1_.BlankInsideImageName as BlankIns8_0_0_, cards1_.HasOutsideMessage as HasOutsi9_0_0_, cards1_.RouteName as RouteName0_0_, cards1_.CategoryId as CategoryId0_0_ FROM Customers customer0_ left outer join Cards cards1_ on customer0_.CustomerId=cards1_.CustomerId WHERE customer0_.CustomerId=?

2013-03-17 15:33:52,444 [6] ?.lambda_method(:0) - Static select for action NHibernate.Engine.CascadingAction+RefreshCascadingAction on entity SunCow.Domain.Customer: SELECT customer0_.CustomerId as CustomerId3_1_, customer0_.FirstName as FirstName3_1_, customer0_.LastName as LastName3_1_, customer0_.ImageDirectory as ImageDir4_3_1_, cards1_.CustomerId as CustomerId3_, cards1_.CardId as CardId3_, cards1_.CardId as CardId0_0_, cards1_.CardName as CardName0_0_, cards1_.Price as Price0_0_, cards1_.Description as Descript4_0_0_, cards1_.ThumbnailImageName as Thumbnai5_0_0_, cards1_.OutsideImageName as OutsideI6_0_0_, cards1_.InsideImageName as InsideIm7_0_0_, cards1_.BlankInsideImageName as BlankIns8_0_0_, cards1_.HasOutsideMessage as HasOutsi9_0_0_, cards1_.RouteName as RouteName0_0_, cards1_.CategoryId as CategoryId0_0_ FROM Customers customer0_ left outer join Cards cards1_ on customer0_.CustomerId=cards1_.CustomerId WHERE customer0_.CustomerId=?

2013-03-17 15:33:52,450 [6] ?.lambda_method(:0) - Static select for one-to-many SunCow.Domain.Category.Cards: SELECT cards0_.CategoryId as CategoryId1_, cards0_.CardId as CardId1_, cards0_.CardId as CardId0_0_, cards0_.CardName as CardName0_0_, cards0_.Price as Price0_0_, cards0_.Description as Descript4_0_0_, cards0_.ThumbnailImageName as Thumbnai5_0_0_, cards0_.OutsideImageName as OutsideI6_0_0_, cards0_.InsideImageName as InsideIm7_0_0_, cards0_.BlankInsideImageName as BlankIns8_0_0_, cards0_.HasOutsideMessage as HasOutsi9_0_0_, cards0_.RouteName as RouteName0_0_, cards0_.CategoryId as CategoryId0_0_ FROM Cards cards0_ WHERE cards0_.CategoryId=?

2013-03-17 15:33:52,451 [6] ?.lambda_method(:0) - Static select for one-to-many SunCow.Domain.Customer.Cards: SELECT cards0_.CustomerId as CustomerId1_, cards0_.CardId as CardId1_, cards0_.CardId as CardId0_0_, cards0_.CardName as CardName0_0_, cards0_.Price as Price0_0_, cards0_.Description as Descript4_0_0_, cards0_.ThumbnailImageName as Thumbnai5_0_0_, cards0_.OutsideImageName as OutsideI6_0_0_, cards0_.InsideImageName as InsideIm7_0_0_, cards0_.BlankInsideImageName as BlankIns8_0_0_, cards0_.HasOutsideMessage as HasOutsi9_0_0_, cards0_.RouteName as RouteName0_0_, cards0_.CategoryId as CategoryId0_0_ FROM Cards cards0_ WHERE cards0_.CustomerId=?

2013-03-17 15:33:52,451 [6] ?.lambda_method(:0) - initializing class SessionFactoryObjectFactory

2013-03-17 15:33:52,452 [6] ?.lambda_method(:0) - registered: afd5ea6ab37d415b927739e0831de241(unnamed)

2013-03-17 15:33:52,452 [6] ?.lambda_method(:0) - no name configured

2013-03-17 15:33:52,452 [6] ?.lambda_method(:0) - Instantiated session factory

2013-03-17 15:33:52,457 [6] ?.lambda_method(:0) - Checking 0 named HQL queries

2013-03-17 15:33:52,457 [6] ?.lambda_method(:0) - Checking 0 named SQL queries

2013-03-17 15:33:52,461 [6] ?.lambda_method(:0) - checking mappings queue

2013-03-17 15:33:52,465 [6] ?.lambda_method(:0) - processing one-to-many association mappings

2013-03-17 15:33:52,465 [6] ?.lambda_method(:0) - processing one-to-one association property references

2013-03-17 15:33:52,465 [6] ?.lambda_method(:0) - processing foreign key constraints

2013-03-17 15:33:52,466 [6] ?.lambda_method(:0) - resolving reference to class: SunCow.Domain.Category

2013-03-17 15:33:52,466 [6] ?.lambda_method(:0) - resolving reference to class: SunCow.Domain.Customer

2013-03-17 15:33:52,466 [6] ?.lambda_method(:0) - resolving reference to class: SunCow.Domain.Card

2013-03-17 15:33:52,466 [6] ?.lambda_method(:0) - resolving reference to class: SunCow.Domain.Customer

2013-03-17 15:33:52,467 [6] ?.lambda_method(:0) - resolving reference to class: SunCow.Domain.Category

2013-03-17 15:33:52,467 [6] ?.lambda_method(:0) - processing filters (second pass)

2013-03-17 15:33:52,479 [6] ?.lambda_method(:0) - checking mappings queue

2013-03-17 15:33:52,479 [6] ?.lambda_method(:0) - processing one-to-many association mappings

2013-03-17 15:33:52,479 [6] ?.lambda_method(:0) - processing one-to-one association property references

2013-03-17 15:33:52,480 [6] ?.lambda_method(:0) - processing foreign key constraints

2013-03-17 15:33:52,480 [6] ?.lambda_method(:0) - resolving reference to class: SunCow.Domain.Category

2013-03-17 15:33:52,480 [6] ?.lambda_method(:0) - resolving reference to class: SunCow.Domain.Customer

2013-03-17 15:33:52,480 [6] ?.lambda_method(:0) - resolving reference to class: SunCow.Domain.Card

2013-03-17 15:33:52,481 [6] ?.lambda_method(:0) - resolving reference to class: SunCow.Domain.Customer

2013-03-17 15:33:52,481 [6] ?.lambda_method(:0) - resolving reference to class: SunCow.Domain.Category

2013-03-17 15:33:52,481 [6] ?.lambda_method(:0) - processing filters (second pass)

2013-03-17 15:33:53,625 [6] ?.lambda_method(:0) - [session-id=560db841-6f1e-483e-8ac8-63f9c30e5551] opened session at timestamp: 634991312336, for session factory: [/afd5ea6ab37d415b927739e0831de241]

2013-03-17 15:33:53,656 [6] ?.lambda_method(:0) - put criteria= alias=this0_

2013-03-17 15:33:53,706 [6] ?.lambda_method(:0) - Opened new IDbCommand, open IDbCommands: 1

2013-03-17 15:33:53,707 [6] ?.lambda_method(:0) - Building an IDbCommand object for the SqlString: SELECT this_.CategoryId as CategoryId1_0_, this_.Name as Name1_0_, this_.RouteName as RouteName1_0_, this_.ImageDirectory as ImageDir4_1_0_ FROM Categories this_

2013-03-17 15:33:53,712 [6] ?.lambda_method(:0) - SELECT this_.CategoryId as CategoryId1_0_, this_.Name as Name1_0_, this_.RouteName as RouteName1_0_, this_.ImageDirectory as ImageDir4_1_0_ FROM Categories this_

2013-03-17 15:33:53,718 [6] ?.lambda_method(:0) - SELECT this_.CategoryId as CategoryId1_0_, this_.Name as Name1_0_, this_.RouteName as RouteName1_0_, this_.ImageDirectory as ImageDir4_1_0_ FROM Categories this_

2013-03-17 15:33:53,719 [6] ?.lambda_method(:0) - Obtaining IDbConnection from Driver

2013-03-17 15:33:53,742 [6] ?.lambda_method(:0) - ExecuteReader took 20 ms

2013-03-17 15:33:53,743 [6] ?.lambda_method(:0) - Opened IDataReader, open IDataReaders: 1

2013-03-17 15:33:53,745 [6] ?.lambda_method(:0) - processing result set

2013-03-17 15:33:53,746 [6] ?.lambda_method(:0) - result set row: 0

2013-03-17 15:33:53,749 [6] ?.lambda_method(:0) - returning '1' as column: CategoryId1_0_

2013-03-17 15:33:53,753 [6] ?.lambda_method(:0) - result row: EntityKey[SunCow.Domain.Category#1]

2013-03-17 15:33:53,759 [6] ?.lambda_method(:0) - Initializing object from DataReader: [SunCow.Domain.Category#1]

2013-03-17 15:33:53,764 [6] ?.lambda_method(:0) - Hydrating entity: [SunCow.Domain.Category#1]

2013-03-17 15:33:53,765 [6] ?.lambda_method(:0) - returning 'Birthdays' as column: Name1_0_

2013-03-17 15:33:53,766 [6] ?.lambda_method(:0) - returning 'Birthdays' as column: RouteName1_0_

2013-03-17 15:33:53,766 [6] ?.lambda_method(:0) - returning 'Birthdays' as column: ImageDir4_1_0_

2013-03-17 15:33:53,769 [6] ?.lambda_method(:0) - result set row: 1

2013-03-17 15:33:53,769 [6] ?.lambda_method(:0) - returning '2' as column: CategoryId1_0_

2013-03-17 15:33:53,770 [6] ?.lambda_method(:0) - result row: EntityKey[SunCow.Domain.Category#2]

2013-03-17 15:33:53,770 [6] ?.lambda_method(:0) - Initializing object from DataReader: [SunCow.Domain.Category#2]

2013-03-17 15:33:53,771 [6] ?.lambda_method(:0) - Hydrating entity: [SunCow.Domain.Category#2]

2013-03-17 15:33:53,771 [6] ?.lambda_method(:0) - returning 'Christmas' as column: Name1_0_

2013-03-17 15:33:53,771 [6] ?.lambda_method(:0) - returning 'Christmas' as column: RouteName1_0_

2013-03-17 15:33:53,772 [6] ?.lambda_method(:0) - returning 'Christmas' as column: ImageDir4_1_0_

2013-03-17 15:33:53,772 [6] ?.lambda_method(:0) - result set row: 2

2013-03-17 15:33:53,772 [6] ?.lambda_method(:0) - returning '3' as column: CategoryId1_0_

2013-03-17 15:33:53,773 [6] ?.lambda_method(:0) - result row: EntityKey[SunCow.Domain.Category#3]

2013-03-17 15:33:53,773 [6] ?.lambda_method(:0) - Initializing object from DataReader: [SunCow.Domain.Category#3]

2013-03-17 15:33:53,774 [6] ?.lambda_method(:0) - Hydrating entity: [SunCow.Domain.Category#3]

2013-03-17 15:33:53,774 [6] ?.lambda_method(:0) - returning 'Engagement' as column: Name1_0_

2013-03-17 15:33:53,774 [6] ?.lambda_method(:0) - returning 'Engagement' as column: RouteName1_0_

2013-03-17 15:33:53,775 [6] ?.lambda_method(:0) - returning 'Engagement' as column: ImageDir4_1_0_

2013-03-17 15:33:53,775 [6] ?.lambda_method(:0) - result set row: 3

2013-03-17 15:33:53,775 [6] ?.lambda_method(:0) - returning '4' as column: CategoryId1_0_

2013-03-17 15:33:53,776 [6] ?.lambda_method(:0) - result row: EntityKey[SunCow.Domain.Category#4]

2013-03-17 15:33:53,776 [6] ?.lambda_method(:0) - Initializing object from DataReader: [SunCow.Domain.Category#4]

2013-03-17 15:33:53,776 [6] ?.lambda_method(:0) - Hydrating entity: [SunCow.Domain.Category#4]

2013-03-17 15:33:53,777 [6] ?.lambda_method(:0) - returning 'Thank You' as column: Name1_0_

2013-03-17 15:33:53,777 [6] ?.lambda_method(:0) - returning 'ThankYou' as column: RouteName1_0_

2013-03-17 15:33:53,778 [6] ?.lambda_method(:0) - returning 'ThankYou' as column: ImageDir4_1_0_

2013-03-17 15:33:53,778 [6] ?.lambda_method(:0) - result set row: 4

2013-03-17 15:33:53,778 [6] ?.lambda_method(:0) - returning '5' as column: CategoryId1_0_

2013-03-17 15:33:53,779 [6] ?.lambda_method(:0) - result row: EntityKey[SunCow.Domain.Category#5]

2013-03-17 15:33:53,779 [6] ?.lambda_method(:0) - Initializing object from DataReader: [SunCow.Domain.Category#5]

2013-03-17 15:33:53,779 [6] ?.lambda_method(:0) - Hydrating entity: [SunCow.Domain.Category#5]

2013-03-17 15:33:53,780 [6] ?.lambda_method(:0) - returning 'Valentine's' as column: Name1_0_

2013-03-17 15:33:53,781 [6] ?.lambda_method(:0) - returning 'Valentines' as column: RouteName1_0_

2013-03-17 15:33:53,781 [6] ?.lambda_method(:0) - returning 'Valentines' as column: ImageDir4_1_0_

2013-03-17 15:33:53,782 [6] ?.lambda_method(:0) - done processing result set (5 rows)

2013-03-17 15:33:53,783 [6] ?.lambda_method(:0) - running NHybridDataReader.Dispose()

2013-03-17 15:33:53,784 [6] ?.lambda_method(:0) - Closed IDataReader, open IDataReaders :0

2013-03-17 15:33:53,785 [6] ?.lambda_method(:0) - DataReader was closed after 63 ms

2013-03-17 15:33:53,786 [6] ?.lambda_method(:0) - Closed IDbCommand, open IDbCommands: 0

2013-03-17 15:33:53,787 [6] ?.lambda_method(:0) - aggressively releasing database connection

2013-03-17 15:33:53,787 [6] ?.lambda_method(:0) - Closing connection

2013-03-17 15:33:53,789 [6] ?.lambda_method(:0) - total objects hydrated: 5

2013-03-17 15:33:53,792 [6] ?.lambda_method(:0) - resolving associations for [SunCow.Domain.Category#1]

2013-03-17 15:33:53,796 [6] ?.lambda_method(:0) - creating collection wrapper:[SunCow.Domain.Category.Cards#1]

2013-03-17 15:33:53,803 [6] ?.lambda_method(:0) - done materializing entity [SunCow.Domain.Category#1]

2013-03-17 15:33:53,804 [6] ?.lambda_method(:0) - resolving associations for [SunCow.Domain.Category#2]

2013-03-17 15:33:53,804 [6] ?.lambda_method(:0) - creating collection wrapper:[SunCow.Domain.Category.Cards#2]

2013-03-17 15:33:53,805 [6] ?.lambda_method(:0) - done materializing entity [SunCow.Domain.Category#2]

2013-03-17 15:33:53,806 [6] ?.lambda_method(:0) - resolving associations for [SunCow.Domain.Category#3]

2013-03-17 15:33:53,806 [6] ?.lambda_method(:0) - creating collection wrapper:[SunCow.Domain.Category.Cards#3]

2013-03-17 15:33:53,806 [6] ?.lambda_method(:0) - done materializing entity [SunCow.Domain.Category#3]

2013-03-17 15:33:53,807 [6] ?.lambda_method(:0) - resolving associations for [SunCow.Domain.Category#4]

2013-03-17 15:33:53,807 [6] ?.lambda_method(:0) - creating collection wrapper:[SunCow.Domain.Category.Cards#4]

2013-03-17 15:33:53,807 [6] ?.lambda_method(:0) - done materializing entity [SunCow.Domain.Category#4]

2013-03-17 15:33:53,808 [6] ?.lambda_method(:0) - resolving associations for [SunCow.Domain.Category#5]

2013-03-17 15:33:53,808 [6] ?.lambda_method(:0) - creating collection wrapper:[SunCow.Domain.Category.Cards#5]

2013-03-17 15:33:53,809 [6] ?.lambda_method(:0) - done materializing entity [SunCow.Domain.Category#5]

2013-03-17 15:33:53,810 [6] ?.lambda_method(:0) - initializing non-lazy collections

2013-03-17 15:33:53,813 [6] ?.lambda_method(:0) - after autocommit

2013-03-17 15:33:53,813 [6] ?.lambda_method(:0) - transaction completion

2013-03-17 15:33:53,814 [6] ?.lambda_method(:0) - aggressively releasing database connection

2013-03-17 15:33:53,877 [6] ?.lambda_method(:0) - closing session

2013-03-17 15:33:53,877 [6] ?.lambda_method(:0) - running BatcherImpl.Dispose(true)

2013-03-17 15:33:53,976 [2] ?.lambda_method(:0) - [session-id=560db841-6f1e-483e-8ac8-63f9c30e5551] executing real Dispose(False)

